<?xml version="1.0" encoding="UTF-8"?>
<coverage generated="1702988233814" clover="3.2.0">
  <project timestamp="1702988233814" name="All files">
    <metrics statements="13" coveredstatements="4" conditionals="0" coveredconditionals="0" methods="6" coveredmethods="2" elements="19" coveredelements="6" complexity="0" loc="13" ncloc="13" packages="1" files="2" classes="2"/>
    <file name="AppointmentDetail.tsx" path="E:\technovez\CorePlusSample\coreplus-sample-ui\src\components\AppointmentDetail.tsx">
      <metrics statements="2" coveredstatements="2" conditionals="0" coveredconditionals="0" methods="1" coveredmethods="1"/>
      <line num="3" count="1" type="stmt"/>
      <line num="8" count="1" type="stmt"/>
    </file>
    <file name="RangePicker.tsx" path="E:\technovez\CorePlusSample\coreplus-sample-ui\src\components\RangePicker.tsx">
      <metrics statements="11" coveredstatements="2" conditionals="0" coveredconditionals="0" methods="5" coveredmethods="1"/>
      <line num="8" count="1" type="stmt"/>
      <line num="9" count="4" type="stmt"/>
      <line num="10" count="0" type="stmt"/>
      <line num="13" count="0" type="stmt"/>
      <line num="15" count="0" type="stmt"/>
      <line num="22" count="0" type="stmt"/>
      <line num="23" count="0" type="stmt"/>
      <line num="26" count="0" type="stmt"/>
      <line num="35" count="0" type="stmt"/>
      <line num="36" count="0" type="stmt"/>
      <line num="42" count="0" type="stmt"/>
    </file>
  </project>
</coverage>
