TN:
SF:src\components\AppointmentDetail.tsx
FN:3,(anonymous_0)
FNF:1
FNH:1
FNDA:1,(anonymous_0)
DA:3,1
DA:8,1
LF:2
LH:2
BRF:0
BRH:0
end_of_record
TN:
SF:src\components\RangePicker.tsx
FN:8,(anonymous_0)
FN:15,(anonymous_1)
FN:35,(anonymous_2)
FN:36,(anonymous_3)
FN:41,(anonymous_4)
FNF:5
FNH:1
FNDA:4,(anonymous_0)
FNDA:0,(anonymous_1)
FNDA:0,(anonymous_2)
FNDA:0,(anonymous_3)
FNDA:0,(anonymous_4)
DA:8,1
DA:9,4
DA:10,0
DA:13,0
DA:15,0
DA:22,0
DA:23,0
DA:26,0
DA:35,0
DA:36,0
DA:42,0
LF:11
LH:2
BRF:0
BRH:0
end_of_record
